<?xml version="1.0" encoding="UTF-8"?>
<!-- Generated by org.testng.reporters.JUnitReportReporter -->
<testsuite hostname="Joses-Mac-mini.local" failures="0" tests="1" name="cs.ing.software.lab01.Laboratorio01Test" time="0.024" errors="0" timestamp="2021-09-14T23:32:53 PET" skipped="0">
  <testcase classname="cs.ing.software.lab01.Laboratorio01Test" name="test01" time="0.024"/>
  <system-out/>
</testsuite> <!-- cs.ing.software.lab01.Laboratorio01Test -->
